c:\users\richard\documents\visual studio 2015\projects\c++dll\turboaccleratedtracker_dll\turboaccleratedtracker\turboaccleratedtracker\debug\turbo.sbr
c:\users\richard\documents\visual studio 2015\projects\c++dll\turboaccleratedtracker_dll\turboaccleratedtracker\turboaccleratedtracker\debug\turbo_risk.sbr
c:\users\richard\documents\visual studio 2015\projects\c++dll\turboaccleratedtracker_dll\turboaccleratedtracker\turboaccleratedtracker\debug\turbo_risk.obj
c:\users\richard\documents\visual studio 2015\projects\c++dll\turboaccleratedtracker_dll\turboaccleratedtracker\turboaccleratedtracker\debug\turbo.obj
c:\users\richard\documents\visual studio 2015\projects\c++dll\turboaccleratedtracker_dll\turboaccleratedtracker\turboaccleratedtracker\debug\.netframework,version=v4.0.assemblyattributes.sbr
c:\users\richard\documents\visual studio 2015\projects\c++dll\turboaccleratedtracker_dll\turboaccleratedtracker\turboaccleratedtracker\debug\.netframework,version=v4.0.assemblyattributes.obj
c:\users\richard\documents\visual studio 2015\projects\c++dll\turboaccleratedtracker_dll\turboaccleratedtracker\turboaccleratedtracker\debug\.netframework,version=v4.0.assemblyattributes.asm
c:\users\richard\documents\visual studio 2015\projects\c++dll\turboaccleratedtracker_dll\turboaccleratedtracker\turboaccleratedtracker\debug\turboaccleratedtracker.vcxprojresolveassemblyreference.cache
c:\users\richard\documents\visual studio 2015\projects\c++dll\turboaccleratedtracker_dll\turboaccleratedtracker\debug\turboaccleratedtracker.pdb
c:\users\richard\documents\visual studio 2015\projects\c++dll\turboaccleratedtracker_dll\turboaccleratedtracker\turboaccleratedtracker\debug\turboacc.5507475f.tlog\cl.command.1.tlog
c:\users\richard\documents\visual studio 2015\projects\c++dll\turboaccleratedtracker_dll\turboaccleratedtracker\turboaccleratedtracker\debug\turboacc.5507475f.tlog\cl.read.1.tlog
c:\users\richard\documents\visual studio 2015\projects\c++dll\turboaccleratedtracker_dll\turboaccleratedtracker\turboaccleratedtracker\debug\turboacc.5507475f.tlog\cl.write.1.tlog
c:\users\richard\documents\visual studio 2015\projects\c++dll\turboaccleratedtracker_dll\turboaccleratedtracker\turboaccleratedtracker\debug\turboacc.5507475f.tlog\link.1296-cvtres.read.1.tlog
c:\users\richard\documents\visual studio 2015\projects\c++dll\turboaccleratedtracker_dll\turboaccleratedtracker\turboaccleratedtracker\debug\turboacc.5507475f.tlog\link.1296-cvtres.write.1.tlog
c:\users\richard\documents\visual studio 2015\projects\c++dll\turboaccleratedtracker_dll\turboaccleratedtracker\turboaccleratedtracker\debug\turboacc.5507475f.tlog\link.1296-rc.read.1.tlog
c:\users\richard\documents\visual studio 2015\projects\c++dll\turboaccleratedtracker_dll\turboaccleratedtracker\turboaccleratedtracker\debug\turboacc.5507475f.tlog\link.1296-rc.write.1.tlog
c:\users\richard\documents\visual studio 2015\projects\c++dll\turboaccleratedtracker_dll\turboaccleratedtracker\turboaccleratedtracker\debug\turboacc.5507475f.tlog\link.1296.read.1.tlog
c:\users\richard\documents\visual studio 2015\projects\c++dll\turboaccleratedtracker_dll\turboaccleratedtracker\turboaccleratedtracker\debug\turboacc.5507475f.tlog\link.1296.write.1.tlog
c:\users\richard\documents\visual studio 2015\projects\c++dll\turboaccleratedtracker_dll\turboaccleratedtracker\turboaccleratedtracker\debug\turboacc.5507475f.tlog\link.5928-cvtres.read.1.tlog
c:\users\richard\documents\visual studio 2015\projects\c++dll\turboaccleratedtracker_dll\turboaccleratedtracker\turboaccleratedtracker\debug\turboacc.5507475f.tlog\link.5928-cvtres.write.1.tlog
c:\users\richard\documents\visual studio 2015\projects\c++dll\turboaccleratedtracker_dll\turboaccleratedtracker\turboaccleratedtracker\debug\turboacc.5507475f.tlog\link.5928-rc.read.1.tlog
c:\users\richard\documents\visual studio 2015\projects\c++dll\turboaccleratedtracker_dll\turboaccleratedtracker\turboaccleratedtracker\debug\turboacc.5507475f.tlog\link.5928-rc.write.1.tlog
c:\users\richard\documents\visual studio 2015\projects\c++dll\turboaccleratedtracker_dll\turboaccleratedtracker\turboaccleratedtracker\debug\turboacc.5507475f.tlog\link.5928.read.1.tlog
c:\users\richard\documents\visual studio 2015\projects\c++dll\turboaccleratedtracker_dll\turboaccleratedtracker\turboaccleratedtracker\debug\turboacc.5507475f.tlog\link.5928.write.1.tlog
c:\users\richard\documents\visual studio 2015\projects\c++dll\turboaccleratedtracker_dll\turboaccleratedtracker\turboaccleratedtracker\debug\turboacc.5507475f.tlog\link.command.1.tlog
c:\users\richard\documents\visual studio 2015\projects\c++dll\turboaccleratedtracker_dll\turboaccleratedtracker\turboaccleratedtracker\debug\turboacc.5507475f.tlog\link.read.1.tlog
c:\users\richard\documents\visual studio 2015\projects\c++dll\turboaccleratedtracker_dll\turboaccleratedtracker\turboaccleratedtracker\debug\turboacc.5507475f.tlog\link.write.1.tlog
c:\users\richard\documents\visual studio 2015\projects\c++dll\turboaccleratedtracker_dll\turboaccleratedtracker\turboaccleratedtracker\debug\turboacc.5507475f.tlog\metagen.read.1.tlog
c:\users\richard\documents\visual studio 2015\projects\c++dll\turboaccleratedtracker_dll\turboaccleratedtracker\turboaccleratedtracker\debug\turboacc.5507475f.tlog\metagen.write.1.tlog
c:\users\richard\documents\visual studio 2015\projects\c++dll\turboaccleratedtracker_dll\turboaccleratedtracker\turboaccleratedtracker\debug\turboacc.5507475f.tlog\rsaenh.dll.bi
c:\users\richard\documents\visual studio 2015\projects\c++dll\turboaccleratedtracker_dll\turboaccleratedtracker\turboaccleratedtracker\debug\turboacc.5507475f.tlog\tzres.dll.bi
